<?xml version="1.0" encoding="UTF-8"?>
<!-- Generated by org.testng.reporters.JUnitReportReporter -->
<testsuite hostname="Siddharam" failures="0" tests="6" name="testng.GroupTest" time="0.012" errors="0" timestamp="2025-08-22T22:35:09 IST" skipped="0">
  <testcase classname="testng.GroupTest" name="invoice" time="0.001"/>
  <testcase classname="testng.GroupTest" name="logout" time="0.001"/>
  <testcase classname="testng.GroupTest" name="addToCart" time="0.009"/>
  <testcase classname="testng.GroupTest" name="search" time="0.000"/>
  <testcase classname="testng.GroupTest" name="payment" time="0.001"/>
  <testcase classname="testng.GroupTest" name="login" time="0.000"/>
</testsuite> <!-- testng.GroupTest -->
