<?xml version="1.0" encoding="UTF-8"?>
<!-- Generated by org.testng.reporters.JUnitReportReporter -->
<testsuite hostname="Siddharam" failures="0" tests="1" name="MyTestNg.Mytestng" time="0.005" errors="0" timestamp="2025-08-16T11:15:58 IST" skipped="0">
  <testcase classname="MyTestNg.Mytestng" name="testexample" time="0.005"/>
</testsuite> <!-- MyTestNg.Mytestng -->
