<?xml version="1.0" encoding="UTF-8"?>
<!-- Generated by org.testng.reporters.JUnitReportReporter -->
<testsuite hostname="Siddharam" failures="0" tests="1" name="MyTestNg.rightclick" time="17.772" errors="0" timestamp="2025-08-16T11:15:58 IST" skipped="0">
  <testcase classname="MyTestNg.rightclick" name="rightclick" time="17.772"/>
</testsuite> <!-- MyTestNg.rightclick -->
